<?xml version="1.0" encoding="UTF-8"?>
<!-- Generated by org.testng.reporters.JUnitXMLReporter -->
<testsuite hostname="Benjamin-PC" name="Default test" tests="1" failures="1" timestamp="10 Sep 2018 18:49:56 GMT" time="0.295" errors="0">
  <testcase name="firstTest" time="0.247" classname="com.ontestautomation.jgiven.tests.TestJGiven">
    <failure type="java.lang.RuntimeException">
      <![CDATA[java.lang.RuntimeException
	at com.ontestautomation.jgiven.tests.steps.WhenTest.testingWhen(WhenTest.java:8)
	at com.ontestautomation.jgiven.tests.steps.WhenTest$$EnhancerByCGLIB$$40d6bd5c.CGLIB$testingWhen$0(<generated>)
	at com.ontestautomation.jgiven.tests.steps.WhenTest$$EnhancerByCGLIB$$40d6bd5c$$FastClassByCGLIB$$12cd97a2.invoke(<generated>)
	at net.sf.cglib.proxy.MethodProxy.invokeSuper(MethodProxy.java:228)
	at com.tngtech.jgiven.impl.intercept.StandaloneStepMethodInterceptor$1.proceed(StandaloneStepMethodInterceptor.java:26)
	at com.tngtech.jgiven.impl.intercept.StepMethodInterceptor.doIntercept(StepMethodInterceptor.java:66)
	at com.tngtech.jgiven.impl.intercept.StandaloneStepMethodInterceptor.intercept(StandaloneStepMethodInterceptor.java:30)
	at com.ontestautomation.jgiven.tests.steps.WhenTest$$EnhancerByCGLIB$$40d6bd5c.testingWhen(<generated>)
	at com.ontestautomation.jgiven.tests.TestJGiven.firstTest(TestJGiven.java:27)
	at sun.reflect.NativeMethodAccessorImpl.invoke0(Native Method)
	at sun.reflect.NativeMethodAccessorImpl.invoke(NativeMethodAccessorImpl.java:62)
	at sun.reflect.DelegatingMethodAccessorImpl.invoke(DelegatingMethodAccessorImpl.java:43)
	at java.lang.reflect.Method.invoke(Method.java:498)
	at org.testng.internal.MethodInvocationHelper.invokeMethod(MethodInvocationHelper.java:85)
	at org.testng.internal.Invoker.invokeMethod(Invoker.java:659)
	at org.testng.internal.Invoker.invokeTestMethod(Invoker.java:845)
	at org.testng.internal.Invoker.invokeTestMethods(Invoker.java:1153)
	at org.testng.internal.TestMethodWorker.invokeTestMethods(TestMethodWorker.java:125)
	at org.testng.internal.TestMethodWorker.run(TestMethodWorker.java:108)
	at org.testng.TestRunner.privateRun(TestRunner.java:771)
	at org.testng.TestRunner.run(TestRunner.java:621)
	at org.testng.SuiteRunner.runTest(SuiteRunner.java:357)
	at org.testng.SuiteRunner.runSequentially(SuiteRunner.java:352)
	at org.testng.SuiteRunner.privateRun(SuiteRunner.java:310)
	at org.testng.SuiteRunner.run(SuiteRunner.java:259)
	at org.testng.SuiteRunnerWorker.runSuite(SuiteRunnerWorker.java:52)
	at org.testng.SuiteRunnerWorker.run(SuiteRunnerWorker.java:86)
	at org.testng.TestNG.runSuitesSequentially(TestNG.java:1199)
	at org.testng.TestNG.runSuitesLocally(TestNG.java:1124)
	at org.testng.TestNG.run(TestNG.java:1032)
	at org.testng.remote.AbstractRemoteTestNG.run(AbstractRemoteTestNG.java:114)
	at org.testng.remote.RemoteTestNG.initAndRun(RemoteTestNG.java:251)
	at org.testng.remote.RemoteTestNG.main(RemoteTestNG.java:77)
]]>
    </failure>
  </testcase> <!-- firstTest -->
</testsuite> <!-- Default test -->
